<?xml version="1.0" encoding="UTF-8" ?>
<testsuite failures="0" time="1.094" errors="1" skipped="0" tests="1" name="org.csovessoft.contabil.AppTest">
  <properties>
    <property name="java.runtime.name" value="Java(TM) SE Runtime Environment"/>
    <property name="sun.boot.library.path" value="c:\Program Files (x86)\Java\jdk1.6.0_06\jre\bin"/>
    <property name="java.vm.version" value="10.0-b22"/>
    <property name="java.vm.vendor" value="Sun Microsystems Inc."/>
    <property name="java.vendor.url" value="http://java.sun.com/"/>
    <property name="path.separator" value=";"/>
    <property name="java.vm.name" value="Java HotSpot(TM) Client VM"/>
    <property name="file.encoding.pkg" value="sun.io"/>
    <property name="user.country" value="US"/>
    <property name="sun.java.launcher" value="SUN_STANDARD"/>
    <property name="sun.os.patch.level" value="Service Pack 2"/>
    <property name="java.vm.specification.name" value="Java Virtual Machine Specification"/>
    <property name="user.dir" value="D:\Works &amp; Projects\konyveles\contabil\wsclient"/>
    <property name="java.runtime.version" value="1.6.0_06-b02"/>
    <property name="java.awt.graphicsenv" value="sun.awt.Win32GraphicsEnvironment"/>
    <property name="basedir" value="D:\Works &amp; Projects\konyveles\contabil\wsclient"/>
    <property name="java.endorsed.dirs" value="c:\Program Files (x86)\Java\jdk1.6.0_06\jre\lib\endorsed"/>
    <property name="os.arch" value="x86"/>
    <property name="surefire.real.class.path" value="C:\DOCUME~1\zsjoska\LOCALS~1\Temp\surefirebooter53463.jar"/>
    <property name="java.io.tmpdir" value="C:\DOCUME~1\zsjoska\LOCALS~1\Temp\"/>
    <property name="line.separator" value="
"/>
    <property name="java.vm.specification.vendor" value="Sun Microsystems Inc."/>
    <property name="user.variant" value=""/>
    <property name="os.name" value="Windows 2003"/>
    <property name="sun.jnu.encoding" value="Cp1252"/>
    <property name="java.library.path" value="c:\Program Files (x86)\Java\jdk1.6.0_06\jre\bin;.;C:\WINDOWS\Sun\Java\bin;C:\WINDOWS\system32;C:\WINDOWS;C:\Program Files (x86)\PHP\;C:\Program Files (x86)\PC Connectivity Solution\;c:\Program Files (x86)\Notepad++;d:\Util\Ant\bin;d:\Util\Maven\bin;C:\WINDOWS\system32;C:\WINDOWS;C:\WINDOWS\System32\Wbem;C:\Program Files (x86)\ATI Technologies\ATI.ACE\Core-Static;c:\Program Files (x86)\Java\jdk1.6.0_06\bin;C:\Program Files (x86)\Git\cmd;C:\Program Files (x86)\Git\bin;C:\Program Files (x86)\PHP"/>
    <property name="surefire.test.class.path" value="D:\Works &amp; Projects\konyveles\contabil\wsclient\target\test-classes;D:\Works &amp; Projects\konyveles\contabil\wsclient\target\classes;C:\Documents and Settings\zsjoska\.m2\repository\junit\junit\3.8.1\junit-3.8.1.jar;C:\Documents and Settings\zsjoska\.m2\repository\com\sun\xml\ws\jaxws-rt\2.1.3\jaxws-rt-2.1.3.jar;C:\Documents and Settings\zsjoska\.m2\repository\javax\xml\ws\jaxws-api\2.1\jaxws-api-2.1.jar;C:\Documents and Settings\zsjoska\.m2\repository\javax\xml\bind\jaxb-api\2.1\jaxb-api-2.1.jar;C:\Documents and Settings\zsjoska\.m2\repository\javax\xml\stream\stax-api\1.0\stax-api-1.0.jar;C:\Documents and Settings\zsjoska\.m2\repository\javax\activation\activation\1.1\activation-1.1.jar;C:\Documents and Settings\zsjoska\.m2\repository\javax\xml\soap\saaj-api\1.3\saaj-api-1.3.jar;C:\Documents and Settings\zsjoska\.m2\repository\javax\annotation\jsr250-api\1.0\jsr250-api-1.0.jar;C:\Documents and Settings\zsjoska\.m2\repository\javax\jws\jsr181-api\1.0-MR1\jsr181-api-1.0-MR1.jar;C:\Documents and Settings\zsjoska\.m2\repository\com\sun\xml\bind\jaxb-impl\2.1.6\jaxb-impl-2.1.6.jar;C:\Documents and Settings\zsjoska\.m2\repository\com\sun\xml\messaging\saaj\saaj-impl\1.3\saaj-impl-1.3.jar;C:\Documents and Settings\zsjoska\.m2\repository\com\sun\xml\stream\buffer\streambuffer\0.7\streambuffer-0.7.jar;C:\Documents and Settings\zsjoska\.m2\repository\org\jvnet\staxex\stax-ex\1.2\stax-ex-1.2.jar;C:\Documents and Settings\zsjoska\.m2\repository\com\sun\xml\stream\sjsxp\1.0\sjsxp-1.0.jar;C:\Documents and Settings\zsjoska\.m2\repository\com\sun\org\apache\xml\internal\resolver\20050927\resolver-20050927.jar;C:\Documents and Settings\zsjoska\.m2\repository\org\jvnet\mimepull\1.1\mimepull-1.1.jar;"/>
    <property name="java.specification.name" value="Java Platform API Specification"/>
    <property name="java.class.version" value="50.0"/>
    <property name="sun.management.compiler" value="HotSpot Client Compiler"/>
    <property name="os.version" value="5.2"/>
    <property name="user.home" value="C:\Documents and Settings\zsjoska"/>
    <property name="user.timezone" value=""/>
    <property name="java.awt.printerjob" value="sun.awt.windows.WPrinterJob"/>
    <property name="java.specification.version" value="1.6"/>
    <property name="file.encoding" value="Cp1252"/>
    <property name="user.name" value="zsjoska"/>
    <property name="java.class.path" value="D:\Works &amp; Projects\konyveles\contabil\wsclient\target\test-classes;D:\Works &amp; Projects\konyveles\contabil\wsclient\target\classes;C:\Documents and Settings\zsjoska\.m2\repository\junit\junit\3.8.1\junit-3.8.1.jar;C:\Documents and Settings\zsjoska\.m2\repository\com\sun\xml\ws\jaxws-rt\2.1.3\jaxws-rt-2.1.3.jar;C:\Documents and Settings\zsjoska\.m2\repository\javax\xml\ws\jaxws-api\2.1\jaxws-api-2.1.jar;C:\Documents and Settings\zsjoska\.m2\repository\javax\xml\bind\jaxb-api\2.1\jaxb-api-2.1.jar;C:\Documents and Settings\zsjoska\.m2\repository\javax\xml\stream\stax-api\1.0\stax-api-1.0.jar;C:\Documents and Settings\zsjoska\.m2\repository\javax\activation\activation\1.1\activation-1.1.jar;C:\Documents and Settings\zsjoska\.m2\repository\javax\xml\soap\saaj-api\1.3\saaj-api-1.3.jar;C:\Documents and Settings\zsjoska\.m2\repository\javax\annotation\jsr250-api\1.0\jsr250-api-1.0.jar;C:\Documents and Settings\zsjoska\.m2\repository\javax\jws\jsr181-api\1.0-MR1\jsr181-api-1.0-MR1.jar;C:\Documents and Settings\zsjoska\.m2\repository\com\sun\xml\bind\jaxb-impl\2.1.6\jaxb-impl-2.1.6.jar;C:\Documents and Settings\zsjoska\.m2\repository\com\sun\xml\messaging\saaj\saaj-impl\1.3\saaj-impl-1.3.jar;C:\Documents and Settings\zsjoska\.m2\repository\com\sun\xml\stream\buffer\streambuffer\0.7\streambuffer-0.7.jar;C:\Documents and Settings\zsjoska\.m2\repository\org\jvnet\staxex\stax-ex\1.2\stax-ex-1.2.jar;C:\Documents and Settings\zsjoska\.m2\repository\com\sun\xml\stream\sjsxp\1.0\sjsxp-1.0.jar;C:\Documents and Settings\zsjoska\.m2\repository\com\sun\org\apache\xml\internal\resolver\20050927\resolver-20050927.jar;C:\Documents and Settings\zsjoska\.m2\repository\org\jvnet\mimepull\1.1\mimepull-1.1.jar;"/>
    <property name="java.vm.specification.version" value="1.0"/>
    <property name="sun.arch.data.model" value="32"/>
    <property name="java.home" value="c:\Program Files (x86)\Java\jdk1.6.0_06\jre"/>
    <property name="java.specification.vendor" value="Sun Microsystems Inc."/>
    <property name="user.language" value="en"/>
    <property name="awt.toolkit" value="sun.awt.windows.WToolkit"/>
    <property name="java.vm.info" value="mixed mode, sharing"/>
    <property name="java.version" value="1.6.0_06"/>
    <property name="java.ext.dirs" value="c:\Program Files (x86)\Java\jdk1.6.0_06\jre\lib\ext;C:\WINDOWS\Sun\Java\lib\ext"/>
    <property name="sun.boot.class.path" value="c:\Program Files (x86)\Java\jdk1.6.0_06\jre\lib\resources.jar;c:\Program Files (x86)\Java\jdk1.6.0_06\jre\lib\rt.jar;c:\Program Files (x86)\Java\jdk1.6.0_06\jre\lib\sunrsasign.jar;c:\Program Files (x86)\Java\jdk1.6.0_06\jre\lib\jsse.jar;c:\Program Files (x86)\Java\jdk1.6.0_06\jre\lib\jce.jar;c:\Program Files (x86)\Java\jdk1.6.0_06\jre\lib\charsets.jar;c:\Program Files (x86)\Java\jdk1.6.0_06\jre\classes"/>
    <property name="java.vendor" value="Sun Microsystems Inc."/>
    <property name="localRepository" value="C:\Documents and Settings\zsjoska\.m2\repository"/>
    <property name="file.separator" value="\"/>
    <property name="java.vendor.url.bug" value="http://java.sun.com/cgi-bin/bugreport.cgi"/>
    <property name="sun.cpu.endian" value="little"/>
    <property name="sun.io.unicode.encoding" value="UnicodeLittle"/>
    <property name="sun.desktop" value="windows"/>
    <property name="sun.cpu.isalist" value=""/>
  </properties>
  <testcase time="1.062" classname="org.csovessoft.contabil.AppTest" name="testApp">
    <error message="Couldn&apos;t create SOAP message due to exception: XML reader error: javax.xml.stream.XMLStreamException: ParseError at [row,col]:[1,94]
Message: XML document structures must start and end within the same entity." type="com.sun.xml.ws.protocol.soap.MessageCreationException">com.sun.xml.ws.protocol.soap.MessageCreationException: Couldn&apos;t create SOAP message due to exception: XML reader error: javax.xml.stream.XMLStreamException: ParseError at [row,col]:[1,94]
Message: XML document structures must start and end within the same entity.
	at com.sun.xml.ws.encoding.SOAPBindingCodec.decode(SOAPBindingCodec.java:292)
	at com.sun.xml.ws.transport.http.client.HttpTransportPipe.process(HttpTransportPipe.java:171)
	at com.sun.xml.ws.transport.http.client.HttpTransportPipe.processRequest(HttpTransportPipe.java:86)
	at com.sun.xml.ws.api.pipe.Fiber.__doRun(Fiber.java:595)
	at com.sun.xml.ws.api.pipe.Fiber._doRun(Fiber.java:554)
	at com.sun.xml.ws.api.pipe.Fiber.doRun(Fiber.java:539)
	at com.sun.xml.ws.api.pipe.Fiber.runSync(Fiber.java:436)
	at com.sun.xml.ws.client.Stub.process(Stub.java:248)
	at com.sun.xml.ws.client.sei.SEIStub.doProcess(SEIStub.java:135)
	at com.sun.xml.ws.client.sei.SyncMethodHandler.invoke(SyncMethodHandler.java:109)
	at com.sun.xml.ws.client.sei.SyncMethodHandler.invoke(SyncMethodHandler.java:89)
	at com.sun.xml.ws.client.sei.SEIStub.invoke(SEIStub.java:118)
	at $Proxy29.testMethod(Unknown Source)
	at org.csovessoft.contabil.AppTest.testApp(AppTest.java:37)
Caused by: com.sun.xml.ws.streaming.XMLStreamReaderException: XML reader error: javax.xml.stream.XMLStreamException: ParseError at [row,col]:[1,94]
Message: XML document structures must start and end within the same entity.
	at com.sun.xml.ws.streaming.XMLStreamReaderUtil.wrapException(XMLStreamReaderUtil.java:267)
	at com.sun.xml.ws.streaming.XMLStreamReaderUtil.next(XMLStreamReaderUtil.java:95)
	at com.sun.xml.ws.streaming.XMLStreamReaderUtil.nextContent(XMLStreamReaderUtil.java:110)
	at com.sun.xml.ws.streaming.XMLStreamReaderUtil.nextElementContent(XMLStreamReaderUtil.java:100)
	at com.sun.xml.ws.encoding.StreamSOAPCodec.decode(StreamSOAPCodec.java:187)
	at com.sun.xml.ws.encoding.StreamSOAPCodec.decode(StreamSOAPCodec.java:296)
	at com.sun.xml.ws.encoding.StreamSOAPCodec.decode(StreamSOAPCodec.java:128)
	at com.sun.xml.ws.encoding.SOAPBindingCodec.decode(SOAPBindingCodec.java:287)
	... 39 more
Caused by: javax.xml.stream.XMLStreamException: ParseError at [row,col]:[1,94]
Message: XML document structures must start and end within the same entity.
	at com.sun.xml.stream.XMLReaderImpl.next(XMLReaderImpl.java:571)
	at com.sun.xml.ws.util.xml.XMLStreamReaderFilter.next(XMLStreamReaderFilter.java:92)
	at com.sun.xml.ws.streaming.XMLStreamReaderUtil.next(XMLStreamReaderUtil.java:76)
	... 45 more
</error>
  </testcase>
</testsuite>